  Animation.cpp
  BaseObject.cpp
c:\castlevania\game\baseobject.cpp(42): warning C4244: 'argument': conversion from 'int' to 'float', possible loss of data
c:\castlevania\game\baseobject.cpp(109): warning C4244: 'argument': conversion from 'float' to 'int', possible loss of data
c:\castlevania\game\baseobject.cpp(146): warning C4244: 'return': conversion from 'LONG' to 'float', possible loss of data
c:\castlevania\game\baseobject.cpp(152): warning C4244: 'return': conversion from 'LONG' to 'float', possible loss of data
c:\castlevania\game\baseobject.cpp(179): warning C4244: 'argument': conversion from 'double' to 'DWORD', possible loss of data
  Camera.cpp
c:\castlevania\game\camera.cpp(58): warning C4244: 'argument': conversion from 'int' to 'float', possible loss of data
c:\castlevania\game\camera.cpp(72): warning C4244: 'argument': conversion from 'int' to 'float', possible loss of data
  Candle.cpp
  Collision.cpp
c:\castlevania\game\collision.cpp(140): warning C4244: 'argument': conversion from 'float' to 'int', possible loss of data
c:\castlevania\game\collision.cpp(141): warning C4244: 'argument': conversion from 'float' to 'int', possible loss of data
  Fire.cpp
  Game.cpp
c:\castlevania\game\game.cpp(22): warning C4244: 'argument': conversion from 'double' to 'float', possible loss of data
c:\castlevania\game\game.cpp(21): warning C4244: 'argument': conversion from 'double' to 'float', possible loss of data
  GameConfiguration.cpp
  GameDirectX.cpp
c:\castlevania\game\gamedirectx.cpp(39): warning C4244: '=': conversion from 'double' to 'UINT', possible loss of data
c:\castlevania\game\gamedirectx.cpp(40): warning C4244: '=': conversion from 'double' to 'UINT', possible loss of data
c:\castlevania\game\gamedirectx.cpp(144): warning C4267: 'argument': conversion from 'size_t' to 'INT', possible loss of data
  GameTexture.cpp
c:\castlevania\game\gametexture.cpp(42): warning C4244: 'argument': conversion from 'int' to 'FLOAT', possible loss of data
c:\castlevania\game\gametexture.cpp(43): warning C4244: 'argument': conversion from 'int' to 'FLOAT', possible loss of data
  GameTime.cpp
  GameUtils.cpp
  Gate1.cpp
  KEY.cpp
  MorningStar.cpp
  MovableRect.cpp
  PhysicsObject.cpp
c:\castlevania\game\physicsobject.cpp(7): warning C4244: 'argument': conversion from 'double' to 'float', possible loss of data
  Player.cpp
c:\castlevania\game\player.cpp(26): warning C4244: 'initializing': conversion from 'double' to 'float', possible loss of data
  Rect.cpp
  Sprite.cpp
  Generating Code...
  Compiling...
  SpriteManager.cpp
  Tilemap.cpp
c:\castlevania\game\tilemap.cpp(14): warning C4244: '=': conversion from 'float' to 'int', possible loss of data
c:\castlevania\game\tilemap.cpp(17): warning C4244: '=': conversion from 'float' to 'int', possible loss of data
c:\castlevania\game\tilemap.cpp(20): warning C4244: '=': conversion from 'float' to 'int', possible loss of data
c:\castlevania\game\tilemap.cpp(23): warning C4244: '=': conversion from 'float' to 'int', possible loss of data
c:\castlevania\game\tilemap.cpp(52): warning C4267: 'initializing': conversion from 'size_t' to 'int', possible loss of data
c:\castlevania\game\tilemap.cpp(53): warning C4267: 'initializing': conversion from 'size_t' to 'int', possible loss of data
c:\castlevania\game\tilemap.cpp(60): warning C4244: 'argument': conversion from 'int' to 'float', possible loss of data
c:\castlevania\game\tilemap.cpp(78): warning C4244: 'argument': conversion from 'float' to 'int', possible loss of data
  WindowGame.cpp
c:\castlevania\game\windowgame.cpp(36): warning C4244: 'argument': conversion from 'double' to 'int', possible loss of data
c:\castlevania\game\windowgame.cpp(53): warning C4101: 'hdc': unreferenced local variable
c:\castlevania\game\windowgame.cpp(52): warning C4101: 'ps': unreferenced local variable
c:\castlevania\game\windowgame.cpp(51): warning C4101: 'wmEvent': unreferenced local variable
c:\castlevania\game\windowgame.cpp(51): warning C4101: 'wmId': unreferenced local variable
  WinMain.cpp
c:\castlevania\game\winmain.cpp(20): warning C4244: 'argument': conversion from 'time_t' to 'unsigned int', possible loss of data
c:\castlevania\game\winmain.cpp(30): warning C4244: 'initializing': conversion from 'double' to 'DWORD', possible loss of data
  World.cpp
c:\castlevania\game\world.cpp(185): warning C4267: 'argument': conversion from 'size_t' to 'int', possible loss of data
c:\castlevania\game\world.cpp(186): warning C4267: 'argument': conversion from 'size_t' to 'int', possible loss of data
c:\castlevania\game\world.cpp(192): warning C4267: 'argument': conversion from 'size_t' to 'int', possible loss of data
c:\castlevania\game\world.cpp(193): warning C4267: 'argument': conversion from 'size_t' to 'int', possible loss of data
c:\castlevania\game\world.cpp(205): warning C4267: 'argument': conversion from 'size_t' to 'int', possible loss of data
c:\castlevania\game\world.cpp(223): warning C4267: 'argument': conversion from 'size_t' to 'int', possible loss of data
c:\castlevania\game\world.cpp(246): warning C4244: 'argument': conversion from 'int' to 'float', possible loss of data
c:\castlevania\game\world.cpp(247): warning C4244: 'argument': conversion from 'int' to 'float', possible loss of data
  Zombie.cpp
  Generating Code...
GameDirectX.obj : error LNK2019: unresolved external symbol Direct3DCreate9 referenced in function "private: bool __cdecl GameDirectX::initDirectX(void)" (?initDirectX@GameDirectX@@AEAA_NXZ)
GameDirectX.obj : error LNK2019: unresolved external symbol D3DXCreateSprite referenced in function "private: bool __cdecl GameDirectX::isInitSprite(void)" (?isInitSprite@GameDirectX@@AEAA_NXZ)
GameDirectX.obj : error LNK2019: unresolved external symbol D3DXCreateFontA referenced in function "public: void __cdecl GameDirectX::PrintText(char *,int,int,int,unsigned long)" (?PrintText@GameDirectX@@QEAAXPEADHHHK@Z)
GameTexture.obj : error LNK2019: unresolved external symbol D3DXGetImageInfoFromFileA referenced in function "public: void __cdecl GameTexture::Init(char const *,unsigned long)" (?Init@GameTexture@@QEAAXPEBDK@Z)
GameTexture.obj : error LNK2019: unresolved external symbol D3DXCreateTextureFromFileExA referenced in function "public: void __cdecl GameTexture::Init(char const *,unsigned long)" (?Init@GameTexture@@QEAAXPEBDK@Z)
C:\Program Files (x86)\Microsoft DirectX SDK (June 2010)\Lib\x86\d3d9.lib : warning LNK4272: library machine type 'x86' conflicts with target machine type 'x64'
C:\Program Files (x86)\Microsoft DirectX SDK (June 2010)\Lib\x86\d3dx9.lib : warning LNK4272: library machine type 'x86' conflicts with target machine type 'x64'
C:\Castlevania\x64\Debug\Game Castlevania.exe : fatal error LNK1120: 5 unresolved externals
