C:\Program Files (x86)\Microsoft Visual Studio\2017\Community\Common7\IDE\VC\VCTargets\Microsoft.CppBuild.targets(391,5): warning MSB8028: The intermediate directory (Debug\) contains files shared from another project (Game.vcxproj).  This can lead to incorrect clean and rebuild behavior.
  Animation.cpp
  BaseObject.cpp
c:\castlevania\game\baseobject.cpp(42): warning C4244: 'argument': conversion from 'int' to 'float', possible loss of data
c:\castlevania\game\baseobject.cpp(109): warning C4244: 'argument': conversion from 'float' to 'int', possible loss of data
c:\castlevania\game\baseobject.cpp(146): warning C4244: 'return': conversion from 'LONG' to 'float', possible loss of data
c:\castlevania\game\baseobject.cpp(152): warning C4244: 'return': conversion from 'LONG' to 'float', possible loss of data
c:\castlevania\game\baseobject.cpp(179): warning C4244: 'argument': conversion from 'double' to 'DWORD', possible loss of data
  Camera.cpp
c:\castlevania\game\camera.cpp(58): warning C4244: 'argument': conversion from 'int' to 'float', possible loss of data
c:\castlevania\game\camera.cpp(72): warning C4244: 'argument': conversion from 'int' to 'float', possible loss of data
  Candle.cpp
  Collision.cpp
c:\castlevania\game\collision.cpp(140): warning C4244: 'argument': conversion from 'float' to 'int', possible loss of data
c:\castlevania\game\collision.cpp(141): warning C4244: 'argument': conversion from 'float' to 'int', possible loss of data
  Fire.cpp
  Game.cpp
c:\castlevania\game\game.cpp(22): warning C4244: 'argument': conversion from 'double' to 'float', possible loss of data
c:\castlevania\game\game.cpp(21): warning C4244: 'argument': conversion from 'double' to 'float', possible loss of data
  GameConfiguration.cpp
  GameDirectX.cpp
c:\castlevania\game\gamedirectx.cpp(39): warning C4244: '=': conversion from 'double' to 'UINT', possible loss of data
c:\castlevania\game\gamedirectx.cpp(40): warning C4244: '=': conversion from 'double' to 'UINT', possible loss of data
  GameTexture.cpp
c:\castlevania\game\gametexture.cpp(42): warning C4244: 'argument': conversion from 'int' to 'FLOAT', possible loss of data
c:\castlevania\game\gametexture.cpp(43): warning C4244: 'argument': conversion from 'int' to 'FLOAT', possible loss of data
  GameTime.cpp
  GameUtils.cpp
  Gate1.cpp
  KEY.cpp
  MorningStar.cpp
  MovableRect.cpp
  PhysicsObject.cpp
c:\castlevania\game\physicsobject.cpp(7): warning C4244: 'argument': conversion from 'double' to 'float', possible loss of data
  Player.cpp
c:\castlevania\game\player.cpp(26): warning C4244: 'initializing': conversion from 'double' to 'float', possible loss of data
  Rect.cpp
  Sprite.cpp
c:\castlevania\game\sprite.cpp(26): warning C4018: '<': signed/unsigned mismatch
c:\castlevania\game\sprite.cpp(36): warning C4018: '<': signed/unsigned mismatch
  Generating Code...
  Compiling...
  SpriteManager.cpp
  Tilemap.cpp
c:\castlevania\game\tilemap.cpp(14): warning C4244: '=': conversion from 'float' to 'int', possible loss of data
c:\castlevania\game\tilemap.cpp(17): warning C4244: '=': conversion from 'float' to 'int', possible loss of data
c:\castlevania\game\tilemap.cpp(20): warning C4244: '=': conversion from 'float' to 'int', possible loss of data
c:\castlevania\game\tilemap.cpp(23): warning C4244: '=': conversion from 'float' to 'int', possible loss of data
c:\castlevania\game\tilemap.cpp(47): warning C4018: '<=': signed/unsigned mismatch
c:\castlevania\game\tilemap.cpp(49): warning C4018: '<=': signed/unsigned mismatch
c:\castlevania\game\tilemap.cpp(60): warning C4244: 'argument': conversion from 'int' to 'float', possible loss of data
c:\castlevania\game\tilemap.cpp(78): warning C4244: 'argument': conversion from 'float' to 'int', possible loss of data
c:\castlevania\game\tilemap.cpp(105): warning C4018: '<': signed/unsigned mismatch
c:\castlevania\game\tilemap.cpp(108): warning C4018: '<': signed/unsigned mismatch
  WindowGame.cpp
c:\castlevania\game\windowgame.cpp(36): warning C4244: 'argument': conversion from 'double' to 'int', possible loss of data
c:\castlevania\game\windowgame.cpp(53): warning C4101: 'hdc': unreferenced local variable
c:\castlevania\game\windowgame.cpp(52): warning C4101: 'ps': unreferenced local variable
c:\castlevania\game\windowgame.cpp(51): warning C4101: 'wmEvent': unreferenced local variable
c:\castlevania\game\windowgame.cpp(51): warning C4101: 'wmId': unreferenced local variable
  WinMain.cpp
c:\castlevania\game\winmain.cpp(20): warning C4244: 'argument': conversion from 'time_t' to 'unsigned int', possible loss of data
c:\castlevania\game\winmain.cpp(30): warning C4244: 'initializing': conversion from 'double' to 'DWORD', possible loss of data
  World.cpp
c:\castlevania\game\world.cpp(36): warning C4018: '<': signed/unsigned mismatch
c:\castlevania\game\world.cpp(82): warning C4018: '<': signed/unsigned mismatch
c:\castlevania\game\world.cpp(98): warning C4018: '<': signed/unsigned mismatch
c:\castlevania\game\world.cpp(182): warning C4018: '<': signed/unsigned mismatch
c:\castlevania\game\world.cpp(190): warning C4018: '<': signed/unsigned mismatch
c:\castlevania\game\world.cpp(200): warning C4018: '<': signed/unsigned mismatch
c:\castlevania\game\world.cpp(202): warning C4018: '<': signed/unsigned mismatch
c:\castlevania\game\world.cpp(220): warning C4018: '<': signed/unsigned mismatch
c:\castlevania\game\world.cpp(246): warning C4244: 'argument': conversion from 'int' to 'float', possible loss of data
c:\castlevania\game\world.cpp(247): warning C4244: 'argument': conversion from 'int' to 'float', possible loss of data
  Zombie.cpp
  Generating Code...
  Game.vcxproj -> C:\Castlevania\Debug\Game Castlevania.exe
