d:\sourcegame\castlevania\game\debug\vc141.pdb
d:\sourcegame\castlevania\game\debug\vc141.idb
d:\sourcegame\castlevania\game\debug\player.obj
d:\sourcegame\castlevania\game\debug\physicsobject.obj
d:\sourcegame\castlevania\game\debug\panther.obj
d:\sourcegame\castlevania\game\debug\movablerect.obj
d:\sourcegame\castlevania\game\debug\morningstar.obj
d:\sourcegame\castlevania\game\debug\key.obj
d:\sourcegame\castlevania\game\debug\gate1.obj
d:\sourcegame\castlevania\game\debug\gameutils.obj
d:\sourcegame\castlevania\game\debug\gametime.obj
d:\sourcegame\castlevania\game\debug\gametexture.obj
d:\sourcegame\castlevania\game\debug\gamedirectx.obj
d:\sourcegame\castlevania\game\debug\gameconfiguration.obj
d:\sourcegame\castlevania\game\debug\game.obj
d:\sourcegame\castlevania\game\debug\fire.obj
d:\sourcegame\castlevania\game\debug\enemy.obj
d:\sourcegame\castlevania\game\debug\collision.obj
d:\sourcegame\castlevania\game\debug\candle.obj
d:\sourcegame\castlevania\game\debug\camera.obj
d:\sourcegame\castlevania\game\debug\baseobject.obj
d:\sourcegame\castlevania\game\debug\animation.obj
d:\sourcegame\castlevania\game\debug\zombie.obj
d:\sourcegame\castlevania\game\debug\world.obj
d:\sourcegame\castlevania\game\debug\winmain.obj
d:\sourcegame\castlevania\game\debug\windowgame.obj
d:\sourcegame\castlevania\game\debug\tilemap.obj
d:\sourcegame\castlevania\game\debug\spritemanager.obj
d:\sourcegame\castlevania\game\debug\sprite.obj
d:\sourcegame\castlevania\game\debug\scorebar.obj
d:\sourcegame\castlevania\game\debug\rect.obj
d:\sourcegame\castlevania\debug\game castlevania.exe
d:\sourcegame\castlevania\debug\game castlevania.ilk
d:\sourcegame\castlevania\debug\game castlevania.pdb
d:\sourcegame\castlevania\game\debug\game castlevania.tlog\cl.command.1.tlog
d:\sourcegame\castlevania\game\debug\game castlevania.tlog\cl.read.1.tlog
d:\sourcegame\castlevania\game\debug\game castlevania.tlog\cl.write.1.tlog
d:\sourcegame\castlevania\game\debug\game castlevania.tlog\link.command.1.tlog
d:\sourcegame\castlevania\game\debug\game castlevania.tlog\link.read.1.tlog
d:\sourcegame\castlevania\game\debug\game castlevania.tlog\link.write.1.tlog
